<?xml version="1.0" encoding="UTF-8"?>
<!-- Generated by org.testng.reporters.JUnitXMLReporter -->
<testsuite ignored="0" hostname="meem" failures="0" tests="3" name="Default test" time="38.161" errors="0" timestamp="2022-12-08T01:08:16 EST">
  <testcase classname="learn_Selenium_Interface.CreatLead" name="creatLead" time="12.51"/>
  <testcase classname="learn_Selenium_Interface.CreatLead" name="creatLead" time="12.873"/>
  <testcase classname="learn_Selenium_Interface.CreatLead" name="creatLead" time="12.417"/>
</testsuite> <!-- Default test -->
