<?xml version="1.0" encoding="UTF-8"?>
<!-- Generated by org.testng.reporters.JUnitXMLReporter -->
<testsuite ignored="0" hostname="meem" failures="0" tests="3" name="Default test" time="6.006" errors="0" timestamp="2022-11-19T13:51:24 EST">
  <testcase classname="learnSelenium.Frame" name="selectable" time="0.583"/>
  <testcase classname="learnSelenium.Frame" name="dragAndDrop" time="0.519"/>
  <testcase classname="learnSelenium.Frame" name="sortable" time="1.46"/>
</testsuite> <!-- Default test -->
