<?xml version="1.0" encoding="UTF-8"?>
<!-- Generated by org.testng.reporters.JUnitXMLReporter -->
<testsuite ignored="0" hostname="meem" failures="0" tests="4" name="Test" time="2.068" errors="0" timestamp="2022-12-12T11:04:25 EST">
  <testcase classname="wrapper.ProjectSpecificWrapper_WbDvr_TestLeaf" name="@BeforeMethod login" time="1.916">
    <failure type="org.openqa.selenium.SessionNotCreatedException" message="session not created: This version of ChromeDriver only supports Chrome version 106
Current browser version is 108.0.5359.99 with binary path C:\Program Files\Google\Chrome\Application\chrome.exe
Build info: version: &amp;apos;3.141.59&amp;apos;, revision: &amp;apos;e82be7d358&amp;apos;, time: &amp;apos;2018-11-14T08:17:03&amp;apos;
System info: host: &amp;apos;MEEM&amp;apos;, ip: &amp;apos;192.168.1.159&amp;apos;, os.name: &amp;apos;Windows 11&amp;apos;, os.arch: &amp;apos;amd64&amp;apos;, os.version: &amp;apos;10.0&amp;apos;, java.version: &amp;apos;18.0.2&amp;apos;
Driver info: driver.version: ChromeDriver
remote stacktrace: Backtrace:
	Ordinal0 [0x00531ED3+2236115]
	Ordinal0 [0x004C92F1+1807089]
	Ordinal0 [0x003D66FD+812797]
	Ordinal0 [0x003F8C6D+953453]
	Ordinal0 [0x003F4200+934400]
	Ordinal0 [0x003F19C9+924105]
	Ordinal0 [0x0042806C+1146988]
	Ordinal0 [0x00427A6A+1145450]
	Ordinal0 [0x004218A6+1120422]
	Ordinal0 [0x003FA73D+960317]
	Ordinal0 [0x003FB71F+964383]
	GetHandleVerifier [0x007DE7E2+2743074]
	GetHandleVerifier [0x007D08D4+2685972]
	GetHandleVerifier [0x005C2BAA+532202]
	GetHandleVerifier [0x005C1990+527568]
	Ordinal0 [0x004D080C+1837068]
	Ordinal0 [0x004D4CD8+1854680]
	Ordinal0 [0x004D4DC5+1854917]
	Ordinal0 [0x004DED64+1895780]
	BaseThreadInitThunk [0x76F36939+25]
	RtlGetFullPathName_UEx [0x774E8FD2+1218]
	RtlGetFullPathName_UEx [0x774E8F9D+1165]
">
      <![CDATA[org.openqa.selenium.SessionNotCreatedException: session not created: This version of ChromeDriver only supports Chrome version 106
Current browser version is 108.0.5359.99 with binary path C:\Program Files\Google\Chrome\Application\chrome.exe
Build info: version: '3.141.59', revision: 'e82be7d358', time: '2018-11-14T08:17:03'
System info: host: 'MEEM', ip: '192.168.1.159', os.name: 'Windows 11', os.arch: 'amd64', os.version: '10.0', java.version: '18.0.2'
Driver info: driver.version: ChromeDriver
remote stacktrace: Backtrace:
Ordinal0 [0x00531ED3+2236115]
Ordinal0 [0x004C92F1+1807089]
Ordinal0 [0x003D66FD+812797]
Ordinal0 [0x003F8C6D+953453]
Ordinal0 [0x003F4200+934400]
Ordinal0 [0x003F19C9+924105]
Ordinal0 [0x0042806C+1146988]
Ordinal0 [0x00427A6A+1145450]
Ordinal0 [0x004218A6+1120422]
Ordinal0 [0x003FA73D+960317]
Ordinal0 [0x003FB71F+964383]
GetHandleVerifier [0x007DE7E2+2743074]
GetHandleVerifier [0x007D08D4+2685972]
GetHandleVerifier [0x005C2BAA+532202]
GetHandleVerifier [0x005C1990+527568]
Ordinal0 [0x004D080C+1837068]
Ordinal0 [0x004D4CD8+1854680]
Ordinal0 [0x004D4DC5+1854917]
Ordinal0 [0x004DED64+1895780]
BaseThreadInitThunk [0x76F36939+25]
RtlGetFullPathName_UEx [0x774E8FD2+1218]
RtlGetFullPathName_UEx [0x774E8F9D+1165]

at org.openqa.selenium.remote.W3CHandshakeResponse.lambda$errorHandler$0(W3CHandshakeResponse.java:62)
at org.openqa.selenium.remote.HandshakeResponse.lambda$getResponseFunction$0(HandshakeResponse.java:30)
at org.openqa.selenium.remote.ProtocolHandshake.lambda$createSession$0(ProtocolHandshake.java:126)
at java.base/java.util.stream.ReferencePipeline$3$1.accept(ReferencePipeline.java:197)
at java.base/java.util.Spliterators$ArraySpliterator.tryAdvance(Spliterators.java:1002)
at java.base/java.util.stream.ReferencePipeline.forEachWithCancel(ReferencePipeline.java:129)
at java.base/java.util.stream.AbstractPipeline.copyIntoWithCancel(AbstractPipeline.java:527)
at java.base/java.util.stream.AbstractPipeline.copyInto(AbstractPipeline.java:513)
at java.base/java.util.stream.AbstractPipeline.wrapAndCopyInto(AbstractPipeline.java:499)
at java.base/java.util.stream.FindOps$FindOp.evaluateSequential(FindOps.java:150)
at java.base/java.util.stream.AbstractPipeline.evaluate(AbstractPipeline.java:234)
at java.base/java.util.stream.ReferencePipeline.findFirst(ReferencePipeline.java:647)
at org.openqa.selenium.remote.ProtocolHandshake.createSession(ProtocolHandshake.java:128)
at org.openqa.selenium.remote.ProtocolHandshake.createSession(ProtocolHandshake.java:74)
at org.openqa.selenium.remote.HttpCommandExecutor.execute(HttpCommandExecutor.java:136)
at org.openqa.selenium.remote.service.DriverCommandExecutor.execute(DriverCommandExecutor.java:83)
at org.openqa.selenium.remote.RemoteWebDriver.execute(RemoteWebDriver.java:552)
at org.openqa.selenium.remote.RemoteWebDriver.startSession(RemoteWebDriver.java:213)
at org.openqa.selenium.remote.RemoteWebDriver.<init>(RemoteWebDriver.java:131)
at org.openqa.selenium.chrome.ChromeDriver.<init>(ChromeDriver.java:181)
at org.openqa.selenium.chrome.ChromeDriver.<init>(ChromeDriver.java:168)
at org.openqa.selenium.chrome.ChromeDriver.<init>(ChromeDriver.java:123)
at wrapper.ProjectSpecificWrapper_WbDvr_TestLeaf.login(ProjectSpecificWrapper_WbDvr_TestLeaf.java:21)
at java.base/java.util.concurrent.ThreadPoolExecutor.runWorker(ThreadPoolExecutor.java:1136)
at java.base/java.util.concurrent.ThreadPoolExecutor$Worker.run(ThreadPoolExecutor.java:635)
at java.base/java.lang.Thread.run(Thread.java:833)
... Removed 17 stack frames]]>
    </failure>
  </testcase> <!-- @BeforeMethod login -->
  <testcase classname="wrapper.ProjectSpecificWrapper_WbDvr_TestLeaf" name="@AfterMethod logout" time="-1.670861065752E9">
    <skipped/>
  </testcase> <!-- @AfterMethod logout -->
  <testcase classname="wrapper.ProjectSpecificWrapper_WbDvr_TestLeaf" name="@BeforeMethod login" time="1.981">
    <failure type="org.openqa.selenium.SessionNotCreatedException" message="session not created: This version of ChromeDriver only supports Chrome version 106
Current browser version is 108.0.5359.99 with binary path C:\Program Files\Google\Chrome\Application\chrome.exe
Build info: version: &amp;apos;3.141.59&amp;apos;, revision: &amp;apos;e82be7d358&amp;apos;, time: &amp;apos;2018-11-14T08:17:03&amp;apos;
System info: host: &amp;apos;MEEM&amp;apos;, ip: &amp;apos;192.168.1.159&amp;apos;, os.name: &amp;apos;Windows 11&amp;apos;, os.arch: &amp;apos;amd64&amp;apos;, os.version: &amp;apos;10.0&amp;apos;, java.version: &amp;apos;18.0.2&amp;apos;
Driver info: driver.version: ChromeDriver
remote stacktrace: Backtrace:
	Ordinal0 [0x00531ED3+2236115]
	Ordinal0 [0x004C92F1+1807089]
	Ordinal0 [0x003D66FD+812797]
	Ordinal0 [0x003F8C6D+953453]
	Ordinal0 [0x003F4200+934400]
	Ordinal0 [0x003F19C9+924105]
	Ordinal0 [0x0042806C+1146988]
	Ordinal0 [0x00427A6A+1145450]
	Ordinal0 [0x004218A6+1120422]
	Ordinal0 [0x003FA73D+960317]
	Ordinal0 [0x003FB71F+964383]
	GetHandleVerifier [0x007DE7E2+2743074]
	GetHandleVerifier [0x007D08D4+2685972]
	GetHandleVerifier [0x005C2BAA+532202]
	GetHandleVerifier [0x005C1990+527568]
	Ordinal0 [0x004D080C+1837068]
	Ordinal0 [0x004D4CD8+1854680]
	Ordinal0 [0x004D4DC5+1854917]
	Ordinal0 [0x004DED64+1895780]
	BaseThreadInitThunk [0x76F36939+25]
	RtlGetFullPathName_UEx [0x774E8FD2+1218]
	RtlGetFullPathName_UEx [0x774E8F9D+1165]
">
      <![CDATA[org.openqa.selenium.SessionNotCreatedException: session not created: This version of ChromeDriver only supports Chrome version 106
Current browser version is 108.0.5359.99 with binary path C:\Program Files\Google\Chrome\Application\chrome.exe
Build info: version: '3.141.59', revision: 'e82be7d358', time: '2018-11-14T08:17:03'
System info: host: 'MEEM', ip: '192.168.1.159', os.name: 'Windows 11', os.arch: 'amd64', os.version: '10.0', java.version: '18.0.2'
Driver info: driver.version: ChromeDriver
remote stacktrace: Backtrace:
Ordinal0 [0x00531ED3+2236115]
Ordinal0 [0x004C92F1+1807089]
Ordinal0 [0x003D66FD+812797]
Ordinal0 [0x003F8C6D+953453]
Ordinal0 [0x003F4200+934400]
Ordinal0 [0x003F19C9+924105]
Ordinal0 [0x0042806C+1146988]
Ordinal0 [0x00427A6A+1145450]
Ordinal0 [0x004218A6+1120422]
Ordinal0 [0x003FA73D+960317]
Ordinal0 [0x003FB71F+964383]
GetHandleVerifier [0x007DE7E2+2743074]
GetHandleVerifier [0x007D08D4+2685972]
GetHandleVerifier [0x005C2BAA+532202]
GetHandleVerifier [0x005C1990+527568]
Ordinal0 [0x004D080C+1837068]
Ordinal0 [0x004D4CD8+1854680]
Ordinal0 [0x004D4DC5+1854917]
Ordinal0 [0x004DED64+1895780]
BaseThreadInitThunk [0x76F36939+25]
RtlGetFullPathName_UEx [0x774E8FD2+1218]
RtlGetFullPathName_UEx [0x774E8F9D+1165]

at org.openqa.selenium.remote.W3CHandshakeResponse.lambda$errorHandler$0(W3CHandshakeResponse.java:62)
at org.openqa.selenium.remote.HandshakeResponse.lambda$getResponseFunction$0(HandshakeResponse.java:30)
at org.openqa.selenium.remote.ProtocolHandshake.lambda$createSession$0(ProtocolHandshake.java:126)
at java.base/java.util.stream.ReferencePipeline$3$1.accept(ReferencePipeline.java:197)
at java.base/java.util.Spliterators$ArraySpliterator.tryAdvance(Spliterators.java:1002)
at java.base/java.util.stream.ReferencePipeline.forEachWithCancel(ReferencePipeline.java:129)
at java.base/java.util.stream.AbstractPipeline.copyIntoWithCancel(AbstractPipeline.java:527)
at java.base/java.util.stream.AbstractPipeline.copyInto(AbstractPipeline.java:513)
at java.base/java.util.stream.AbstractPipeline.wrapAndCopyInto(AbstractPipeline.java:499)
at java.base/java.util.stream.FindOps$FindOp.evaluateSequential(FindOps.java:150)
at java.base/java.util.stream.AbstractPipeline.evaluate(AbstractPipeline.java:234)
at java.base/java.util.stream.ReferencePipeline.findFirst(ReferencePipeline.java:647)
at org.openqa.selenium.remote.ProtocolHandshake.createSession(ProtocolHandshake.java:128)
at org.openqa.selenium.remote.ProtocolHandshake.createSession(ProtocolHandshake.java:74)
at org.openqa.selenium.remote.HttpCommandExecutor.execute(HttpCommandExecutor.java:136)
at org.openqa.selenium.remote.service.DriverCommandExecutor.execute(DriverCommandExecutor.java:83)
at org.openqa.selenium.remote.RemoteWebDriver.execute(RemoteWebDriver.java:552)
at org.openqa.selenium.remote.RemoteWebDriver.startSession(RemoteWebDriver.java:213)
at org.openqa.selenium.remote.RemoteWebDriver.<init>(RemoteWebDriver.java:131)
at org.openqa.selenium.chrome.ChromeDriver.<init>(ChromeDriver.java:181)
at org.openqa.selenium.chrome.ChromeDriver.<init>(ChromeDriver.java:168)
at org.openqa.selenium.chrome.ChromeDriver.<init>(ChromeDriver.java:123)
at wrapper.ProjectSpecificWrapper_WbDvr_TestLeaf.login(ProjectSpecificWrapper_WbDvr_TestLeaf.java:21)
at java.base/java.util.concurrent.ThreadPoolExecutor.runWorker(ThreadPoolExecutor.java:1136)
at java.base/java.util.concurrent.ThreadPoolExecutor$Worker.run(ThreadPoolExecutor.java:635)
at java.base/java.lang.Thread.run(Thread.java:833)
... Removed 17 stack frames]]>
    </failure>
  </testcase> <!-- @BeforeMethod login -->
  <testcase classname="wrapper.ProjectSpecificWrapper_WbDvr_TestLeaf" name="@AfterMethod logout" time="-1.670861065786E9">
    <skipped/>
  </testcase> <!-- @AfterMethod logout -->
  <testcase classname="wrapper.ProjectSpecificWrapper_WbDvr_TestLeaf" name="@BeforeMethod login" time="1.987">
    <failure type="org.openqa.selenium.SessionNotCreatedException" message="session not created: This version of ChromeDriver only supports Chrome version 106
Current browser version is 108.0.5359.99 with binary path C:\Program Files\Google\Chrome\Application\chrome.exe
Build info: version: &amp;apos;3.141.59&amp;apos;, revision: &amp;apos;e82be7d358&amp;apos;, time: &amp;apos;2018-11-14T08:17:03&amp;apos;
System info: host: &amp;apos;MEEM&amp;apos;, ip: &amp;apos;192.168.1.159&amp;apos;, os.name: &amp;apos;Windows 11&amp;apos;, os.arch: &amp;apos;amd64&amp;apos;, os.version: &amp;apos;10.0&amp;apos;, java.version: &amp;apos;18.0.2&amp;apos;
Driver info: driver.version: ChromeDriver
remote stacktrace: Backtrace:
	Ordinal0 [0x00531ED3+2236115]
	Ordinal0 [0x004C92F1+1807089]
	Ordinal0 [0x003D66FD+812797]
	Ordinal0 [0x003F8C6D+953453]
	Ordinal0 [0x003F4200+934400]
	Ordinal0 [0x003F19C9+924105]
	Ordinal0 [0x0042806C+1146988]
	Ordinal0 [0x00427A6A+1145450]
	Ordinal0 [0x004218A6+1120422]
	Ordinal0 [0x003FA73D+960317]
	Ordinal0 [0x003FB71F+964383]
	GetHandleVerifier [0x007DE7E2+2743074]
	GetHandleVerifier [0x007D08D4+2685972]
	GetHandleVerifier [0x005C2BAA+532202]
	GetHandleVerifier [0x005C1990+527568]
	Ordinal0 [0x004D080C+1837068]
	Ordinal0 [0x004D4CD8+1854680]
	Ordinal0 [0x004D4DC5+1854917]
	Ordinal0 [0x004DED64+1895780]
	BaseThreadInitThunk [0x76F36939+25]
	RtlGetFullPathName_UEx [0x774E8FD2+1218]
	RtlGetFullPathName_UEx [0x774E8F9D+1165]
">
      <![CDATA[org.openqa.selenium.SessionNotCreatedException: session not created: This version of ChromeDriver only supports Chrome version 106
Current browser version is 108.0.5359.99 with binary path C:\Program Files\Google\Chrome\Application\chrome.exe
Build info: version: '3.141.59', revision: 'e82be7d358', time: '2018-11-14T08:17:03'
System info: host: 'MEEM', ip: '192.168.1.159', os.name: 'Windows 11', os.arch: 'amd64', os.version: '10.0', java.version: '18.0.2'
Driver info: driver.version: ChromeDriver
remote stacktrace: Backtrace:
Ordinal0 [0x00531ED3+2236115]
Ordinal0 [0x004C92F1+1807089]
Ordinal0 [0x003D66FD+812797]
Ordinal0 [0x003F8C6D+953453]
Ordinal0 [0x003F4200+934400]
Ordinal0 [0x003F19C9+924105]
Ordinal0 [0x0042806C+1146988]
Ordinal0 [0x00427A6A+1145450]
Ordinal0 [0x004218A6+1120422]
Ordinal0 [0x003FA73D+960317]
Ordinal0 [0x003FB71F+964383]
GetHandleVerifier [0x007DE7E2+2743074]
GetHandleVerifier [0x007D08D4+2685972]
GetHandleVerifier [0x005C2BAA+532202]
GetHandleVerifier [0x005C1990+527568]
Ordinal0 [0x004D080C+1837068]
Ordinal0 [0x004D4CD8+1854680]
Ordinal0 [0x004D4DC5+1854917]
Ordinal0 [0x004DED64+1895780]
BaseThreadInitThunk [0x76F36939+25]
RtlGetFullPathName_UEx [0x774E8FD2+1218]
RtlGetFullPathName_UEx [0x774E8F9D+1165]

at org.openqa.selenium.remote.W3CHandshakeResponse.lambda$errorHandler$0(W3CHandshakeResponse.java:62)
at org.openqa.selenium.remote.HandshakeResponse.lambda$getResponseFunction$0(HandshakeResponse.java:30)
at org.openqa.selenium.remote.ProtocolHandshake.lambda$createSession$0(ProtocolHandshake.java:126)
at java.base/java.util.stream.ReferencePipeline$3$1.accept(ReferencePipeline.java:197)
at java.base/java.util.Spliterators$ArraySpliterator.tryAdvance(Spliterators.java:1002)
at java.base/java.util.stream.ReferencePipeline.forEachWithCancel(ReferencePipeline.java:129)
at java.base/java.util.stream.AbstractPipeline.copyIntoWithCancel(AbstractPipeline.java:527)
at java.base/java.util.stream.AbstractPipeline.copyInto(AbstractPipeline.java:513)
at java.base/java.util.stream.AbstractPipeline.wrapAndCopyInto(AbstractPipeline.java:499)
at java.base/java.util.stream.FindOps$FindOp.evaluateSequential(FindOps.java:150)
at java.base/java.util.stream.AbstractPipeline.evaluate(AbstractPipeline.java:234)
at java.base/java.util.stream.ReferencePipeline.findFirst(ReferencePipeline.java:647)
at org.openqa.selenium.remote.ProtocolHandshake.createSession(ProtocolHandshake.java:128)
at org.openqa.selenium.remote.ProtocolHandshake.createSession(ProtocolHandshake.java:74)
at org.openqa.selenium.remote.HttpCommandExecutor.execute(HttpCommandExecutor.java:136)
at org.openqa.selenium.remote.service.DriverCommandExecutor.execute(DriverCommandExecutor.java:83)
at org.openqa.selenium.remote.RemoteWebDriver.execute(RemoteWebDriver.java:552)
at org.openqa.selenium.remote.RemoteWebDriver.startSession(RemoteWebDriver.java:213)
at org.openqa.selenium.remote.RemoteWebDriver.<init>(RemoteWebDriver.java:131)
at org.openqa.selenium.chrome.ChromeDriver.<init>(ChromeDriver.java:181)
at org.openqa.selenium.chrome.ChromeDriver.<init>(ChromeDriver.java:168)
at org.openqa.selenium.chrome.ChromeDriver.<init>(ChromeDriver.java:123)
at wrapper.ProjectSpecificWrapper_WbDvr_TestLeaf.login(ProjectSpecificWrapper_WbDvr_TestLeaf.java:21)
at java.base/java.util.concurrent.ThreadPoolExecutor.runWorker(ThreadPoolExecutor.java:1136)
at java.base/java.util.concurrent.ThreadPoolExecutor$Worker.run(ThreadPoolExecutor.java:635)
at java.base/java.lang.Thread.run(Thread.java:833)
... Removed 17 stack frames]]>
    </failure>
  </testcase> <!-- @BeforeMethod login -->
  <testcase classname="wrapper.ProjectSpecificWrapper_WbDvr_TestLeaf" name="@AfterMethod logout" time="-1.670861065792E9">
    <skipped/>
  </testcase> <!-- @AfterMethod logout -->
  <testcase classname="wrapper.ProjectSpecificWrapper_WbDvr_TestLeaf" name="@BeforeMethod login" time="2.045">
    <failure type="org.openqa.selenium.SessionNotCreatedException" message="session not created: This version of ChromeDriver only supports Chrome version 106
Current browser version is 108.0.5359.99 with binary path C:\Program Files\Google\Chrome\Application\chrome.exe
Build info: version: &amp;apos;3.141.59&amp;apos;, revision: &amp;apos;e82be7d358&amp;apos;, time: &amp;apos;2018-11-14T08:17:03&amp;apos;
System info: host: &amp;apos;MEEM&amp;apos;, ip: &amp;apos;192.168.1.159&amp;apos;, os.name: &amp;apos;Windows 11&amp;apos;, os.arch: &amp;apos;amd64&amp;apos;, os.version: &amp;apos;10.0&amp;apos;, java.version: &amp;apos;18.0.2&amp;apos;
Driver info: driver.version: ChromeDriver
remote stacktrace: Backtrace:
	Ordinal0 [0x00531ED3+2236115]
	Ordinal0 [0x004C92F1+1807089]
	Ordinal0 [0x003D66FD+812797]
	Ordinal0 [0x003F8C6D+953453]
	Ordinal0 [0x003F4200+934400]
	Ordinal0 [0x003F19C9+924105]
	Ordinal0 [0x0042806C+1146988]
	Ordinal0 [0x00427A6A+1145450]
	Ordinal0 [0x004218A6+1120422]
	Ordinal0 [0x003FA73D+960317]
	Ordinal0 [0x003FB71F+964383]
	GetHandleVerifier [0x007DE7E2+2743074]
	GetHandleVerifier [0x007D08D4+2685972]
	GetHandleVerifier [0x005C2BAA+532202]
	GetHandleVerifier [0x005C1990+527568]
	Ordinal0 [0x004D080C+1837068]
	Ordinal0 [0x004D4CD8+1854680]
	Ordinal0 [0x004D4DC5+1854917]
	Ordinal0 [0x004DED64+1895780]
	BaseThreadInitThunk [0x76F36939+25]
	RtlGetFullPathName_UEx [0x774E8FD2+1218]
	RtlGetFullPathName_UEx [0x774E8F9D+1165]
">
      <![CDATA[org.openqa.selenium.SessionNotCreatedException: session not created: This version of ChromeDriver only supports Chrome version 106
Current browser version is 108.0.5359.99 with binary path C:\Program Files\Google\Chrome\Application\chrome.exe
Build info: version: '3.141.59', revision: 'e82be7d358', time: '2018-11-14T08:17:03'
System info: host: 'MEEM', ip: '192.168.1.159', os.name: 'Windows 11', os.arch: 'amd64', os.version: '10.0', java.version: '18.0.2'
Driver info: driver.version: ChromeDriver
remote stacktrace: Backtrace:
Ordinal0 [0x00531ED3+2236115]
Ordinal0 [0x004C92F1+1807089]
Ordinal0 [0x003D66FD+812797]
Ordinal0 [0x003F8C6D+953453]
Ordinal0 [0x003F4200+934400]
Ordinal0 [0x003F19C9+924105]
Ordinal0 [0x0042806C+1146988]
Ordinal0 [0x00427A6A+1145450]
Ordinal0 [0x004218A6+1120422]
Ordinal0 [0x003FA73D+960317]
Ordinal0 [0x003FB71F+964383]
GetHandleVerifier [0x007DE7E2+2743074]
GetHandleVerifier [0x007D08D4+2685972]
GetHandleVerifier [0x005C2BAA+532202]
GetHandleVerifier [0x005C1990+527568]
Ordinal0 [0x004D080C+1837068]
Ordinal0 [0x004D4CD8+1854680]
Ordinal0 [0x004D4DC5+1854917]
Ordinal0 [0x004DED64+1895780]
BaseThreadInitThunk [0x76F36939+25]
RtlGetFullPathName_UEx [0x774E8FD2+1218]
RtlGetFullPathName_UEx [0x774E8F9D+1165]

at org.openqa.selenium.remote.W3CHandshakeResponse.lambda$errorHandler$0(W3CHandshakeResponse.java:62)
at org.openqa.selenium.remote.HandshakeResponse.lambda$getResponseFunction$0(HandshakeResponse.java:30)
at org.openqa.selenium.remote.ProtocolHandshake.lambda$createSession$0(ProtocolHandshake.java:126)
at java.base/java.util.stream.ReferencePipeline$3$1.accept(ReferencePipeline.java:197)
at java.base/java.util.Spliterators$ArraySpliterator.tryAdvance(Spliterators.java:1002)
at java.base/java.util.stream.ReferencePipeline.forEachWithCancel(ReferencePipeline.java:129)
at java.base/java.util.stream.AbstractPipeline.copyIntoWithCancel(AbstractPipeline.java:527)
at java.base/java.util.stream.AbstractPipeline.copyInto(AbstractPipeline.java:513)
at java.base/java.util.stream.AbstractPipeline.wrapAndCopyInto(AbstractPipeline.java:499)
at java.base/java.util.stream.FindOps$FindOp.evaluateSequential(FindOps.java:150)
at java.base/java.util.stream.AbstractPipeline.evaluate(AbstractPipeline.java:234)
at java.base/java.util.stream.ReferencePipeline.findFirst(ReferencePipeline.java:647)
at org.openqa.selenium.remote.ProtocolHandshake.createSession(ProtocolHandshake.java:128)
at org.openqa.selenium.remote.ProtocolHandshake.createSession(ProtocolHandshake.java:74)
at org.openqa.selenium.remote.HttpCommandExecutor.execute(HttpCommandExecutor.java:136)
at org.openqa.selenium.remote.service.DriverCommandExecutor.execute(DriverCommandExecutor.java:83)
at org.openqa.selenium.remote.RemoteWebDriver.execute(RemoteWebDriver.java:552)
at org.openqa.selenium.remote.RemoteWebDriver.startSession(RemoteWebDriver.java:213)
at org.openqa.selenium.remote.RemoteWebDriver.<init>(RemoteWebDriver.java:131)
at org.openqa.selenium.chrome.ChromeDriver.<init>(ChromeDriver.java:181)
at org.openqa.selenium.chrome.ChromeDriver.<init>(ChromeDriver.java:168)
at org.openqa.selenium.chrome.ChromeDriver.<init>(ChromeDriver.java:123)
at wrapper.ProjectSpecificWrapper_WbDvr_TestLeaf.login(ProjectSpecificWrapper_WbDvr_TestLeaf.java:21)
at java.base/java.util.concurrent.ThreadPoolExecutor.runWorker(ThreadPoolExecutor.java:1136)
at java.base/java.util.concurrent.ThreadPoolExecutor$Worker.run(ThreadPoolExecutor.java:635)
at java.base/java.lang.Thread.run(Thread.java:833)
... Removed 17 stack frames]]>
    </failure>
  </testcase> <!-- @BeforeMethod login -->
  <testcase classname="wrapper.ProjectSpecificWrapper_WbDvr_TestLeaf" name="@AfterMethod logout" time="-1.670861065849E9">
    <skipped/>
  </testcase> <!-- @AfterMethod logout -->
  <testcase classname="testCases_LeafTapWD.CreateContact" name="creatContact" time="0.0">
    <skipped/>
  </testcase> <!-- creatContact -->
  <testcase classname="testCases_LeafTapWD.CreateLead" name="creatLead" time="0.0">
    <skipped/>
  </testcase> <!-- creatLead -->
  <testcase classname="testCases_LeafTapWD.CreateOpportunity" name="createOpportunity" time="0.0">
    <skipped/>
  </testcase> <!-- createOpportunity -->
  <testcase classname="testCases_LeafTapWD.CreateAccount" name="createAccount" time="0.0">
    <skipped/>
  </testcase> <!-- createAccount -->
</testsuite> <!-- Test -->
