<?xml version="1.0" encoding="UTF-8"?>
<testng-results ignored="0" total="3" passed="3" failed="0" skipped="0">
  <reporter-output>
  </reporter-output>
  <suite started-at="2022-12-08T01:07:38 EST" name="Default suite" finished-at="2022-12-08T01:08:16 EST" duration-ms="38161">
    <groups>
    </groups>
    <test started-at="2022-12-08T01:07:38 EST" name="Default test" finished-at="2022-12-08T01:08:16 EST" duration-ms="38161">
      <class name="learn_Selenium_Interface.CreatLead">
        <test-method signature="creatLead(java.lang.String, java.lang.String, java.lang.String)[pri:0, instance:learn_Selenium_Interface.CreatLead@29647f75]" started-at="2022-12-08T01:07:38 EST" name="creatLead" data-provider="getData" finished-at="2022-12-08T01:07:51 EST" duration-ms="12510" status="PASS">
          <params>
            <param index="0">
              <value>
                <![CDATA[ABC]]>
              </value>
            </param>
            <param index="1">
              <value>
                <![CDATA[Shahla]]>
              </value>
            </param>
            <param index="2">
              <value>
                <![CDATA[Meem]]>
              </value>
            </param>
          </params>
          <reporter-output>
          </reporter-output>
        </test-method> <!-- creatLead -->
        <test-method signature="creatLead(java.lang.String, java.lang.String, java.lang.String)[pri:0, instance:learn_Selenium_Interface.CreatLead@29647f75]" started-at="2022-12-08T01:07:51 EST" name="creatLead" data-provider="getData" finished-at="2022-12-08T01:08:04 EST" duration-ms="12873" status="PASS">
          <params>
            <param index="0">
              <value>
                <![CDATA[XYZ]]>
              </value>
            </param>
            <param index="1">
              <value>
                <![CDATA[Shahnawaz]]>
              </value>
            </param>
            <param index="2">
              <value>
                <![CDATA[Khan]]>
              </value>
            </param>
          </params>
          <reporter-output>
          </reporter-output>
        </test-method> <!-- creatLead -->
        <test-method signature="creatLead(java.lang.String, java.lang.String, java.lang.String)[pri:0, instance:learn_Selenium_Interface.CreatLead@29647f75]" started-at="2022-12-08T01:08:04 EST" name="creatLead" data-provider="getData" finished-at="2022-12-08T01:08:16 EST" duration-ms="12417" status="PASS">
          <params>
            <param index="0">
              <value>
                <![CDATA[ZXC]]>
              </value>
            </param>
            <param index="1">
              <value>
                <![CDATA[Dawood]]>
              </value>
            </param>
            <param index="2">
              <value>
                <![CDATA[Khan]]>
              </value>
            </param>
          </params>
          <reporter-output>
          </reporter-output>
        </test-method> <!-- creatLead -->
      </class> <!-- learn_Selenium_Interface.CreatLead -->
    </test> <!-- Default test -->
  </suite> <!-- Default suite -->
</testng-results>
