<?xml version="1.0" encoding="UTF-8"?>
<testng-results ignored="0" total="3" passed="3" failed="0" skipped="0">
  <reporter-output>
  </reporter-output>
  <suite started-at="2022-11-19T13:51:18 EST" name="Default suite" finished-at="2022-11-19T13:51:24 EST" duration-ms="6006">
    <groups>
    </groups>
    <test started-at="2022-11-19T13:51:18 EST" name="Default test" finished-at="2022-11-19T13:51:24 EST" duration-ms="6006">
      <class name="learnSelenium.Frame">
        <test-method is-config="true" signature="login()[pri:0, instance:learnSelenium.Frame@5fa07e12]" started-at="2022-11-19T13:51:18 EST" name="login" finished-at="2022-11-19T13:51:19 EST" duration-ms="1337" status="PASS">
          <reporter-output>
          </reporter-output>
        </test-method> <!-- login -->
        <test-method signature="selectable()[pri:0, instance:learnSelenium.Frame@5fa07e12]" started-at="2022-11-19T13:51:19 EST" name="selectable" finished-at="2022-11-19T13:51:20 EST" duration-ms="583" status="PASS">
          <reporter-output>
          </reporter-output>
        </test-method> <!-- selectable -->
        <test-method is-config="true" signature="logout()[pri:0, instance:learnSelenium.Frame@5fa07e12]" started-at="2022-11-19T13:51:20 EST" name="logout" finished-at="2022-11-19T13:51:20 EST" duration-ms="106" status="PASS">
          <reporter-output>
          </reporter-output>
        </test-method> <!-- logout -->
        <test-method is-config="true" signature="login()[pri:0, instance:learnSelenium.Frame@5fa07e12]" started-at="2022-11-19T13:51:20 EST" name="login" finished-at="2022-11-19T13:51:21 EST" duration-ms="869" status="PASS">
          <reporter-output>
          </reporter-output>
        </test-method> <!-- login -->
        <test-method signature="dragAndDrop()[pri:1, instance:learnSelenium.Frame@5fa07e12]" started-at="2022-11-19T13:51:21 EST" name="dragAndDrop" finished-at="2022-11-19T13:51:21 EST" duration-ms="519" status="PASS">
          <reporter-output>
          </reporter-output>
        </test-method> <!-- dragAndDrop -->
        <test-method is-config="true" signature="logout()[pri:0, instance:learnSelenium.Frame@5fa07e12]" started-at="2022-11-19T13:51:21 EST" name="logout" finished-at="2022-11-19T13:51:22 EST" duration-ms="117" status="PASS">
          <reporter-output>
          </reporter-output>
        </test-method> <!-- logout -->
        <test-method is-config="true" signature="login()[pri:0, instance:learnSelenium.Frame@5fa07e12]" started-at="2022-11-19T13:51:22 EST" name="login" finished-at="2022-11-19T13:51:22 EST" duration-ms="889" status="PASS">
          <reporter-output>
          </reporter-output>
        </test-method> <!-- login -->
        <test-method signature="sortable()[pri:2, instance:learnSelenium.Frame@5fa07e12]" started-at="2022-11-19T13:51:22 EST" name="sortable" finished-at="2022-11-19T13:51:24 EST" duration-ms="1460" status="PASS">
          <reporter-output>
          </reporter-output>
        </test-method> <!-- sortable -->
        <test-method is-config="true" signature="logout()[pri:0, instance:learnSelenium.Frame@5fa07e12]" started-at="2022-11-19T13:51:24 EST" name="logout" finished-at="2022-11-19T13:51:24 EST" duration-ms="101" status="PASS">
          <reporter-output>
          </reporter-output>
        </test-method> <!-- logout -->
      </class> <!-- learnSelenium.Frame -->
    </test> <!-- Default test -->
  </suite> <!-- Default suite -->
</testng-results>
